# Logfile created on 2014-04-03 20:36:40 -0700 by logger.rb/41954
I, [2014-04-03T20:36:40.675161 #76761]  INFO -- : 0:  rake (10.0.3) from /Users/ejcummins/.rvm/gems/ruby-2.0.0-p353/specifications/rake-10.0.3.gemspec
I, [2014-04-03T20:36:40.675749 #76761]  INFO -- : 0:  i18n (0.6.1) from /Users/ejcummins/.rvm/gems/ruby-2.0.0-p353/specifications/i18n-0.6.1.gemspec
I, [2014-04-03T20:36:40.676328 #76761]  INFO -- : 0:  multi_json (1.6.1) from /Users/ejcummins/.rvm/gems/ruby-2.0.0-p353/specifications/multi_json-1.6.1.gemspec
I, [2014-04-03T20:36:40.676712 #76761]  INFO -- : 0:  activesupport (3.2.12) from /Users/ejcummins/.rvm/gems/ruby-2.0.0-p353/specifications/activesupport-3.2.12.gemspec
I, [2014-04-03T20:36:40.677083 #76761]  INFO -- : 0:  builder (3.0.4) from /Users/ejcummins/.rvm/gems/ruby-2.0.0-p353/specifications/builder-3.0.4.gemspec
I, [2014-04-03T20:36:40.677452 #76761]  INFO -- : 0:  activemodel (3.2.12) from /Users/ejcummins/.rvm/gems/ruby-2.0.0-p353/specifications/activemodel-3.2.12.gemspec
I, [2014-04-03T20:36:40.677819 #76761]  INFO -- : 0:  arel (3.0.2) from /Users/ejcummins/.rvm/gems/ruby-2.0.0-p353/specifications/arel-3.0.2.gemspec
I, [2014-04-03T20:36:40.678184 #76761]  INFO -- : 0:  tzinfo (0.3.35) from /Users/ejcummins/.rvm/gems/ruby-2.0.0-p353/specifications/tzinfo-0.3.35.gemspec
I, [2014-04-03T20:36:40.678554 #76761]  INFO -- : 0:  activerecord (3.2.12) from /Users/ejcummins/.rvm/gems/ruby-2.0.0-p353/specifications/activerecord-3.2.12.gemspec
I, [2014-04-03T20:36:40.678953 #76761]  INFO -- : 0:  backports (2.6.1) from /Users/ejcummins/.rvm/gems/ruby-2.0.0-p353/specifications/backports-2.6.1.gemspec
I, [2014-04-03T20:36:40.679322 #76761]  INFO -- : 0:  daemons (1.1.9) from /Users/ejcummins/.rvm/gems/ruby-2.0.0-p353/specifications/daemons-1.1.9.gemspec
I, [2014-04-03T20:36:40.679704 #76761]  INFO -- : 0:  diff-lcs (1.1.3) from /Users/ejcummins/.rvm/gems/ruby-2.0.0-p353/specifications/diff-lcs-1.1.3.gemspec
I, [2014-04-03T20:36:40.680074 #76761]  INFO -- : 0:  eventmachine (1.0.0) from /Users/ejcummins/.rvm/gems/ruby-2.0.0-p353/specifications/eventmachine-1.0.0.gemspec
I, [2014-04-03T20:36:40.680439 #76761]  INFO -- : 0:  faker (1.1.2) from /Users/ejcummins/.rvm/gems/ruby-2.0.0-p353/specifications/faker-1.1.2.gemspec
I, [2014-04-03T20:36:40.680809 #76761]  INFO -- : 0:  pg (0.14.1) from /Users/ejcummins/.rvm/gems/ruby-2.0.0-p353/specifications/pg-0.14.1.gemspec
I, [2014-04-03T20:36:40.681160 #76761]  INFO -- : 0:  rack (1.5.2) from /Users/ejcummins/.rvm/gems/ruby-2.0.0-p353/specifications/rack-1.5.2.gemspec
I, [2014-04-03T20:36:40.681532 #76761]  INFO -- : 0:  rack-protection (1.3.2) from /Users/ejcummins/.rvm/gems/ruby-2.0.0-p353/specifications/rack-protection-1.3.2.gemspec
I, [2014-04-03T20:36:40.681905 #76761]  INFO -- : 0:  rack-test (0.6.2) from /Users/ejcummins/.rvm/gems/ruby-2.0.0-p353/specifications/rack-test-0.6.2.gemspec
I, [2014-04-03T20:36:40.682282 #76761]  INFO -- : 0:  rspec-core (2.12.2) from /Users/ejcummins/.rvm/gems/ruby-2.0.0-p353/specifications/rspec-core-2.12.2.gemspec
I, [2014-04-03T20:36:40.682671 #76761]  INFO -- : 0:  rspec-expectations (2.12.1) from /Users/ejcummins/.rvm/gems/ruby-2.0.0-p353/specifications/rspec-expectations-2.12.1.gemspec
I, [2014-04-03T20:36:40.683051 #76761]  INFO -- : 0:  rspec-mocks (2.12.2) from /Users/ejcummins/.rvm/gems/ruby-2.0.0-p353/specifications/rspec-mocks-2.12.2.gemspec
I, [2014-04-03T20:36:40.683427 #76761]  INFO -- : 0:  rspec (2.12.0) from /Users/ejcummins/.rvm/gems/ruby-2.0.0-p353/specifications/rspec-2.12.0.gemspec
I, [2014-04-03T20:36:40.683786 #76761]  INFO -- : 0:  shotgun (0.9) from /Users/ejcummins/.rvm/gems/ruby-2.0.0-p353/specifications/shotgun-0.9.gemspec
I, [2014-04-03T20:36:40.684145 #76761]  INFO -- : 0:  tilt (1.3.3) from /Users/ejcummins/.rvm/gems/ruby-2.0.0-p353/specifications/tilt-1.3.3.gemspec
I, [2014-04-03T20:36:40.684526 #76761]  INFO -- : 0:  sinatra (1.3.4) from /Users/ejcummins/.rvm/gems/ruby-2.0.0-p353/specifications/sinatra-1.3.4.gemspec
I, [2014-04-03T20:36:40.685194 #76761]  INFO -- : 0:  sinatra-contrib (1.3.1) from /Users/ejcummins/.rvm/gems/ruby-2.0.0-p353/specifications/sinatra-contrib-1.3.1.gemspec
I, [2014-04-03T20:36:40.685611 #76761]  INFO -- : 0:  thin (1.5.0) from /Users/ejcummins/.rvm/gems/ruby-2.0.0-p353/specifications/thin-1.5.0.gemspec
I, [2014-04-03T20:36:40.685959 #76761]  INFO -- : 0:  bundler (1.5.1) from /Users/ejcummins/.rvm/gems/ruby-2.0.0-p353@global/specifications/bundler-1.5.1.gemspec
